<?xml version="1.0" encoding="UTF-8"?>
<testsuite name="As a user" tests="1" skipped="0" failures="1" errors="0" timestamp="2021-05-10T05:18:53" hostname="DESKTOP-J85MNPV" time="94.766">
  <properties/>
  <testcase name="Buy book successfully" classname="As a user" time="94.766">
    <failure message="java.lang.AssertionError: &#10;Expected: &quot;945.00&quot;&#10;     but: was &quot;₹945.00&quot;" type="java.lang.AssertionError">java.lang.AssertionError: 
Expected: &quot;945.00&quot;
     but: was &quot;₹945.00&quot;
	at net.serenitybdd.screenplay.ErrorTally.throwSummaryExceptionFrom(ErrorTally.java:36)
	at net.serenitybdd.screenplay.ErrorTally.reportAnyErrors(ErrorTally.java:30)
	at net.serenitybdd.screenplay.Actor.should(Actor.java:301)
	at in.automationtesting.practice.testing.stepdefinitions.BuyBookStepDefinition.validateAmountAndPrice(BuyBookStepDefinition.java:48)
	at ✽.validate amount and price(src/test/resources/in.automationtesting.practice.testing.features/buy_book.feature:12)
</failure>
  </testcase>
  <system-out><![CDATA[]]></system-out>
  <system-err><![CDATA[may 10, 2021 12:18:54 AM org.openqa.selenium.remote.DesiredCapabilities chrome
INFORMACIÓN: Using `new ChromeOptions()` is preferred to `DesiredCapabilities.chrome()`
[Test worker] INFO net.serenitybdd.core.webdriver.driverproviders.ProvideNewDriver - Instantiating driver
[Test worker] INFO net.serenitybdd.core.webdriver.driverproviders.ProvideNewDriver - Driver capabilities: Capabilities {acceptInsecureCerts: false, browserName: chrome, chrome.switches: --start-maximized --disable..., goog:chromeOptions: {args: [--start-maximized, --disable-popup-blocking, --no-sandbox, --ignore-certificate-errors], extensions: []}, loggingPrefs: org.openqa.selenium.logging..., platform: ANY, supportsAlerts: false, version: }
Starting ChromeDriver 90.0.4430.24 (4c6d850f087da467d926e8eddb76550aed655991-refs/branch-heads/4430@{#429}) on port 35877
Only local connections are allowed.
Please see https://chromedriver.chromium.org/security-considerations for suggestions on keeping ChromeDriver safe.
ChromeDriver was started successfully.
may 10, 2021 12:19:12 AM org.openqa.selenium.remote.ProtocolHandshake createSession
INFORMACIÓN: Detected dialect: W3C
[Test worker] ERROR net.thucydides.core.steps.ConsoleLoggingListener - 
           __  _____ _____ ____ _____   _____ _    ___ _     _____ ____  
  _       / / |_   _| ____/ ___|_   _| |  ___/ \  |_ _| |   | ____|  _ \ 
 (_)_____| |    | | |  _| \___ \ | |   | |_ / _ \  | || |   |  _| | | | |
  _|_____| |    | | | |___ ___) || |   |  _/ ___ \ | || |___| |___| |_| |
 (_)     | |    |_| |_____|____/ |_|   |_|/_/   \_\___|_____|_____|____/ 
          \_\                                                            

TEST FAILED: Buy book successfully
--------------------------------------------------------------------------
[Test worker] ERROR net.thucydides.core.steps.ConsoleLoggingListener - TEST FAILED AT STEP Then verify amount question$$ lambda$393/674600732 should be '945.00'
[Test worker] ERROR net.thucydides.core.steps.ConsoleLoggingListener - Expected: "945.00" but: was "?945.00"
]]></system-err>
</testsuite>
